[ 2018-04-08T19:04:21+08:00 ] ::1 /myblog/index.php
INFO: [ app_init ] --START--
INFO: Run Behavior\BuildLiteBehavior [ RunTime:0.000000s ]
INFO: [ app_init ] --END-- [ RunTime:0.015001s ]
INFO: [ app_begin ] --START--
INFO: Run Behavior\ReadHtmlCacheBehavior [ RunTime:0.002001s ]
INFO: [ app_begin ] --END-- [ RunTime:0.002001s ]
INFO: [ view_parse ] --START--
INFO: [ template_filter ] --START--
INFO: Run Behavior\ContentReplaceBehavior [ RunTime:0.000000s ]
INFO: [ template_filter ] --END-- [ RunTime:0.001000s ]
INFO: Run Behavior\ParseTemplateBehavior [ RunTime:0.012000s ]
INFO: [ view_parse ] --END-- [ RunTime:0.012000s ]
INFO: [ view_filter ] --START--
INFO: Run Behavior\WriteHtmlCacheBehavior [ RunTime:0.001000s ]
INFO: [ view_filter ] --END-- [ RunTime:0.001000s ]
INFO: [ app_end ] --START--
INFO: Run Behavior\ShowPageTraceBehavior [ RunTime:0.001001s ]
INFO: [ app_end ] --END-- [ RunTime:0.001001s ]

[ 2018-04-08T19:20:47+08:00 ] ::1 /myblog/
INFO: [ app_init ] --START--
INFO: Run Behavior\BuildLiteBehavior [ RunTime:0.000000s ]
INFO: [ app_init ] --END-- [ RunTime:0.000000s ]
INFO: [ app_begin ] --START--
INFO: Run Behavior\ReadHtmlCacheBehavior [ RunTime:0.001000s ]
INFO: [ app_begin ] --END-- [ RunTime:0.001000s ]
INFO: [ view_parse ] --START--
INFO: Run Behavior\ParseTemplateBehavior [ RunTime:0.000000s ]
INFO: [ view_parse ] --END-- [ RunTime:0.000000s ]
INFO: [ view_filter ] --START--
INFO: Run Behavior\WriteHtmlCacheBehavior [ RunTime:0.001000s ]
INFO: [ view_filter ] --END-- [ RunTime:0.001000s ]
INFO: [ app_end ] --START--
INFO: Run Behavior\ShowPageTraceBehavior [ RunTime:0.001000s ]
INFO: [ app_end ] --END-- [ RunTime:0.001000s ]

[ 2018-04-08T19:26:33+08:00 ] ::1 /myblog/
INFO: [ app_init ] --START--
INFO: Run Behavior\BuildLiteBehavior [ RunTime:0.000000s ]
INFO: [ app_init ] --END-- [ RunTime:0.001000s ]
INFO: [ app_begin ] --START--
INFO: Run Behavior\ReadHtmlCacheBehavior [ RunTime:0.001000s ]
INFO: [ app_begin ] --END-- [ RunTime:0.002000s ]
INFO: [ view_parse ] --START--
INFO: Run Behavior\ParseTemplateBehavior [ RunTime:0.003000s ]
INFO: [ view_parse ] --END-- [ RunTime:0.003000s ]
INFO: [ view_filter ] --START--
INFO: Run Behavior\WriteHtmlCacheBehavior [ RunTime:0.000000s ]
INFO: [ view_filter ] --END-- [ RunTime:0.000000s ]
INFO: [ app_end ] --START--
INFO: Run Behavior\ShowPageTraceBehavior [ RunTime:0.001000s ]
INFO: [ app_end ] --END-- [ RunTime:0.001000s ]

[ 2018-04-08T19:30:30+08:00 ] ::1 /myblog/
INFO: [ app_init ] --START--
INFO: Run Behavior\BuildLiteBehavior [ RunTime:0.000000s ]
INFO: [ app_init ] --END-- [ RunTime:0.000000s ]
INFO: [ app_begin ] --START--
INFO: Run Behavior\ReadHtmlCacheBehavior [ RunTime:0.001000s ]
INFO: [ app_begin ] --END-- [ RunTime:0.001000s ]
INFO: [ view_parse ] --START--
INFO: Run Behavior\ParseTemplateBehavior [ RunTime:0.000000s ]
INFO: [ view_parse ] --END-- [ RunTime:0.000000s ]
INFO: [ view_filter ] --START--
INFO: Run Behavior\WriteHtmlCacheBehavior [ RunTime:0.001000s ]
INFO: [ view_filter ] --END-- [ RunTime:0.001000s ]
INFO: [ app_end ] --START--
INFO: Run Behavior\ShowPageTraceBehavior [ RunTime:0.001000s ]
INFO: [ app_end ] --END-- [ RunTime:0.001000s ]

[ 2018-04-08T19:36:56+08:00 ] 127.0.0.1 /
INFO: [ app_init ] --START--
INFO: Run Behavior\BuildLiteBehavior [ RunTime:0.000000s ]
INFO: [ app_init ] --END-- [ RunTime:0.002000s ]
INFO: [ app_begin ] --START--
INFO: Run Behavior\ReadHtmlCacheBehavior [ RunTime:0.002000s ]
INFO: [ app_begin ] --END-- [ RunTime:0.002000s ]
INFO: [ view_parse ] --START--
INFO: Run Behavior\ParseTemplateBehavior [ RunTime:0.000000s ]
INFO: [ view_parse ] --END-- [ RunTime:0.000000s ]
INFO: [ view_filter ] --START--
INFO: Run Behavior\WriteHtmlCacheBehavior [ RunTime:0.001000s ]
INFO: [ view_filter ] --END-- [ RunTime:0.001000s ]
INFO: [ app_end ] --START--
INFO: Run Behavior\ShowPageTraceBehavior [ RunTime:0.000000s ]
INFO: [ app_end ] --END-- [ RunTime:0.001000s ]

[ 2018-04-08T19:37:42+08:00 ] 127.0.0.1 /
INFO: [ app_init ] --START--
INFO: Run Behavior\BuildLiteBehavior [ RunTime:0.000000s ]
INFO: [ app_init ] --END-- [ RunTime:0.001000s ]
INFO: [ app_begin ] --START--
INFO: Run Behavior\ReadHtmlCacheBehavior [ RunTime:0.001000s ]
INFO: [ app_begin ] --END-- [ RunTime:0.001000s ]
INFO: [ view_parse ] --START--
INFO: Run Behavior\ParseTemplateBehavior [ RunTime:0.001000s ]
INFO: [ view_parse ] --END-- [ RunTime:0.001000s ]
INFO: [ view_filter ] --START--
INFO: Run Behavior\WriteHtmlCacheBehavior [ RunTime:0.001000s ]
INFO: [ view_filter ] --END-- [ RunTime:0.001000s ]
INFO: [ app_end ] --START--
INFO: Run Behavior\ShowPageTraceBehavior [ RunTime:0.002000s ]
INFO: [ app_end ] --END-- [ RunTime:0.002000s ]

[ 2018-04-08T20:02:20+08:00 ] 127.0.0.1 /
INFO: [ app_init ] --START--
INFO: Run Behavior\BuildLiteBehavior [ RunTime:0.000000s ]
INFO: [ app_init ] --END-- [ RunTime:0.000000s ]
INFO: [ app_begin ] --START--
INFO: Run Behavior\ReadHtmlCacheBehavior [ RunTime:0.001000s ]
INFO: [ app_begin ] --END-- [ RunTime:0.001000s ]
INFO: [ view_parse ] --START--
INFO: Run Behavior\ParseTemplateBehavior [ RunTime:0.000000s ]
INFO: [ view_parse ] --END-- [ RunTime:0.000000s ]
INFO: [ view_filter ] --START--
INFO: Run Behavior\WriteHtmlCacheBehavior [ RunTime:0.000000s ]
INFO: [ view_filter ] --END-- [ RunTime:0.000000s ]
INFO: [ app_end ] --START--
INFO: Run Behavior\ShowPageTraceBehavior [ RunTime:0.001000s ]
INFO: [ app_end ] --END-- [ RunTime:0.001000s ]

[ 2018-04-08T20:49:43+08:00 ] 127.0.0.1 /index.php/css/pintuer.css
ERR: 无法加载控制器:Css

[ 2018-04-08T20:49:43+08:00 ] 127.0.0.1 /index.php/css/admin.css
ERR: 无法加载控制器:Css

[ 2018-04-08T20:49:43+08:00 ] 127.0.0.1 /index.php/js/respond.js
ERR: 无法加载控制器:Js

[ 2018-04-08T20:49:43+08:00 ] 127.0.0.1 /index.php/js/admin.js
ERR: 无法加载控制器:Js

[ 2018-04-08T20:49:43+08:00 ] 127.0.0.1 /index.php/js/jquery.js
ERR: 无法加载控制器:Js

[ 2018-04-08T20:49:43+08:00 ] 127.0.0.1 /index.php/js/pintuer.js
ERR: 无法加载控制器:Js

[ 2018-04-08T20:49:43+08:00 ] 127.0.0.1 /index.php/js/respond.js
ERR: 无法加载控制器:Js

[ 2018-04-08T20:49:44+08:00 ] 127.0.0.1 /index.php/js/admin.js
ERR: 无法加载控制器:Js

[ 2018-04-08T20:50:18+08:00 ] 127.0.0.1 /js/jquery.js
ERR: 无法加载控制器:Js

[ 2018-04-08T20:50:18+08:00 ] 127.0.0.1 /css/pintuer.css
ERR: 无法加载控制器:Css

[ 2018-04-08T20:50:18+08:00 ] 127.0.0.1 /css/admin.css
ERR: 无法加载控制器:Css

[ 2018-04-08T20:50:18+08:00 ] 127.0.0.1 /js/pintuer.js
ERR: 无法加载控制器:Js

[ 2018-04-08T20:50:18+08:00 ] 127.0.0.1 /js/respond.js
ERR: 无法加载控制器:Js

[ 2018-04-08T20:50:18+08:00 ] 127.0.0.1 /js/admin.js
ERR: 无法加载控制器:Js

[ 2018-04-08T20:55:15+08:00 ] 127.0.0.1 /content.html
ERR: 无法加载控制器:Content

[ 2018-04-08T20:55:20+08:00 ] 127.0.0.1 /system.html
ERR: 无法加载控制器:System

[ 2018-04-08T22:37:53+08:00 ] 127.0.0.1 /login
ERR: 无法加载控制器:Login

[ 2018-04-08T22:38:24+08:00 ] 127.0.0.1 /code?
ERR: 无法加载控制器:Code

[ 2018-04-08T22:39:55+08:00 ] 127.0.0.1 /code?
ERR: 无法加载控制器:Code

[ 2018-04-08T22:39:55+08:00 ] 127.0.0.1 /code?
ERR: 无法加载控制器:Code

[ 2018-04-08T22:39:55+08:00 ] 127.0.0.1 /code?
ERR: 无法加载控制器:Code

[ 2018-04-08T22:39:56+08:00 ] 127.0.0.1 /code?
ERR: 无法加载控制器:Code

[ 2018-04-08T22:39:56+08:00 ] 127.0.0.1 /code?
ERR: 无法加载控制器:Code

[ 2018-04-08T22:39:56+08:00 ] 127.0.0.1 /code?
ERR: 无法加载控制器:Code

[ 2018-04-08T22:39:56+08:00 ] 127.0.0.1 /code?
ERR: 无法加载控制器:Code

[ 2018-04-08T22:40:33+08:00 ] 127.0.0.1 /code?
ERR: 无法加载控制器:Code

[ 2018-04-08T22:40:34+08:00 ] 127.0.0.1 /code?
ERR: 无法加载控制器:Code

[ 2018-04-08T22:40:34+08:00 ] 127.0.0.1 /code?
ERR: 无法加载控制器:Code

[ 2018-04-08T22:40:34+08:00 ] 127.0.0.1 /code?
ERR: 无法加载控制器:Code

[ 2018-04-08T22:40:34+08:00 ] 127.0.0.1 /code?
ERR: 无法加载控制器:Code

[ 2018-04-08T22:40:35+08:00 ] 127.0.0.1 /code?
ERR: 无法加载控制器:Code

[ 2018-04-08T22:40:35+08:00 ] 127.0.0.1 /code?
ERR: 无法加载控制器:Code

[ 2018-04-08T22:49:19+08:00 ] 127.0.0.1 /code?
ERR: 无法加载控制器:Code

[ 2018-04-08T22:49:19+08:00 ] 127.0.0.1 /code?
ERR: 无法加载控制器:Code

[ 2018-04-08T22:49:20+08:00 ] 127.0.0.1 /code?
ERR: 无法加载控制器:Code

[ 2018-04-08T22:49:20+08:00 ] 127.0.0.1 /code?
ERR: 无法加载控制器:Code

[ 2018-04-08T22:49:20+08:00 ] 127.0.0.1 /code?
ERR: 无法加载控制器:Code

